--- Job Fundamentalmodell1_alt.gms Start 11/29/24 09:02:30 48.3.0 71b5641f WEX-WEI x86 64bit/MS Windows
--- Applying:
    C:\GAMS\48\gmsprmNT.txt
--- GAMS Parameters defined
    Input C:\Users\E370_\Documents\Uni\electricity-and-water-management\Fundamentalmodell1_alt.gms
    PageSize 0
    ScrDir C:\Users\E370_\Documents\Uni\electricity-and-water-management\225a\
    SysDir C:\GAMS\48\
    LogOption 3
    ErrMsg 1
    ErrorLog 99
    IDE 1
    LstTitleLeftAligned 1
Licensee: Course License                                 S241011|0002CO-GEN
          Verbund Hydro Power GmbH                                  DCE3801
          C:\GAMS\48\gamslice.txt
          License Admin: Ulrike Stoecker, Ulrike.Stoecker@verbund.com      
          Course license for use within the course and related course work
          The expiration date of time-limited license is Apr 09, 2025
Processor information: 1 socket(s), 4 core(s), and 8 thread(s) available
GAMS 48.3.0   Copyright (C) 1987-2024 GAMS Development. All rights reserved
--- Starting compilation
--- Fundamentalmodell1_alt.gms(6) 3 Mb 1 Error
*** Error 282 in C:\Users\E370_\Documents\Uni\electricity-and-water-management\Fundamentalmodell1_alt.gms
    Unable to open include file
       Hint: Does the filename need to be quoted?
--- Fundamentalmodell1_alt.gms(9) 3 Mb
--- . GasPreis.txt(33) 3 Mb 2 Errors
*** Error 170 in C:\Users\E370_\Documents\Uni\electricity-and-water-management\GasPreis.txt
    Domain violation for element
--- . GasPreis.txt(34) 3 Mb
--- Fundamentalmodell1_alt.gms(12) 3 Mb
--- . Co2Preis.txt(33) 3 Mb 3 Errors
*** Error 170 in C:\Users\E370_\Documents\Uni\electricity-and-water-management\Co2Preis.txt
    Domain violation for element
--- . Co2Preis.txt(34) 3 Mb
--- Fundamentalmodell1_alt.gms(15) 3 Mb 4 Errors
*** Error 282 in C:\Users\E370_\Documents\Uni\electricity-and-water-management\Fundamentalmodell1_alt.gms
    Unable to open include file
       Hint: Does the filename need to be quoted?
--- Fundamentalmodell1_alt.gms(121) 3 Mb 5 Errors
*** Error 257 in C:\Users\E370_\Documents\Uni\electricity-and-water-management\Fundamentalmodell1_alt.gms
    Solve statement not checked because of previous errors
--- Fundamentalmodell1_alt.gms(131) 3 Mb 6 Errors
*** Error 141 in C:\Users\E370_\Documents\Uni\electricity-and-water-management\Fundamentalmodell1_alt.gms
    Symbol declared but no values have been assigned. Check for missing
       data definition, assignment, data loading or implicit assignment
       via a solve statement. Suppress with $onImplicitAssign.
       A wild shot: You may have spurious commas in the explanatory
       text of a declaration. Check symbol reference list.
--- Fundamentalmodell1_alt.gms(133) 3 Mb 7 Errors
*** Error 141 in C:\Users\E370_\Documents\Uni\electricity-and-water-management\Fundamentalmodell1_alt.gms
    Symbol declared but no values have been assigned. Check for missing
       data definition, assignment, data loading or implicit assignment
       via a solve statement. Suppress with $onImplicitAssign.
       A wild shot: You may have spurious commas in the explanatory
       text of a declaration. Check symbol reference list.
--- Fundamentalmodell1_alt.gms(134) 3 Mb 14 Errors
*** Error 141 in C:\Users\E370_\Documents\Uni\electricity-and-water-management\Fundamentalmodell1_alt.gms
    Symbol declared but no values have been assigned. Check for missing
       data definition, assignment, data loading or implicit assignment
       via a solve statement. Suppress with $onImplicitAssign.
       A wild shot: You may have spurious commas in the explanatory
       text of a declaration. Check symbol reference list.
*** Error 141 in C:\Users\E370_\Documents\Uni\electricity-and-water-management\Fundamentalmodell1_alt.gms
    Symbol declared but no values have been assigned. Check for missing
       data definition, assignment, data loading or implicit assignment
       via a solve statement. Suppress with $onImplicitAssign.
       A wild shot: You may have spurious commas in the explanatory
       text of a declaration. Check symbol reference list.
*** Error 141 in C:\Users\E370_\Documents\Uni\electricity-and-water-management\Fundamentalmodell1_alt.gms
    Symbol declared but no values have been assigned. Check for missing
       data definition, assignment, data loading or implicit assignment
       via a solve statement. Suppress with $onImplicitAssign.
       A wild shot: You may have spurious commas in the explanatory
       text of a declaration. Check symbol reference list.
*** Error 141 in C:\Users\E370_\Documents\Uni\electricity-and-water-management\Fundamentalmodell1_alt.gms
    Symbol declared but no values have been assigned. Check for missing
       data definition, assignment, data loading or implicit assignment
       via a solve statement. Suppress with $onImplicitAssign.
       A wild shot: You may have spurious commas in the explanatory
       text of a declaration. Check symbol reference list.
*** Error 141 in C:\Users\E370_\Documents\Uni\electricity-and-water-management\Fundamentalmodell1_alt.gms
    Symbol declared but no values have been assigned. Check for missing
       data definition, assignment, data loading or implicit assignment
       via a solve statement. Suppress with $onImplicitAssign.
       A wild shot: You may have spurious commas in the explanatory
       text of a declaration. Check symbol reference list.
*** Error 141 in C:\Users\E370_\Documents\Uni\electricity-and-water-management\Fundamentalmodell1_alt.gms
    Symbol declared but no values have been assigned. Check for missing
       data definition, assignment, data loading or implicit assignment
       via a solve statement. Suppress with $onImplicitAssign.
       A wild shot: You may have spurious commas in the explanatory
       text of a declaration. Check symbol reference list.
*** Error 141 in C:\Users\E370_\Documents\Uni\electricity-and-water-management\Fundamentalmodell1_alt.gms
    Symbol declared but no values have been assigned. Check for missing
       data definition, assignment, data loading or implicit assignment
       via a solve statement. Suppress with $onImplicitAssign.
       A wild shot: You may have spurious commas in the explanatory
       text of a declaration. Check symbol reference list.
--- Fundamentalmodell1_alt.gms(138) 3 Mb 14 Errors
*** Status: Compilation error(s)
--- Job Fundamentalmodell1_alt.gms Stop 11/29/24 09:02:30 elapsed 0:00:00.025
