--- Job 20241206_STHS.gms Start 12/06/24 10:37:03 48.3.0 71b5641f WEX-WEI x86 64bit/MS Windows
--- Applying:
    C:\GAMS\48\gmsprmNT.txt
--- GAMS Parameters defined
    Input "C:\Users\E370_\Documents\Uni\electricity-and-water-management\20241206 Einheit 5 EWW\20241206_STHS.gms"
    PageSize 0
    ScrDir "C:\Users\E370_\Documents\Uni\electricity-and-water-management\20241206 Einheit 5 EWW\225a\"
    SysDir C:\GAMS\48\
    LogOption 3
    ErrMsg 1
    ErrorLog 99
    IDE 1
    LstTitleLeftAligned 1
Licensee: Course License                                 S241011|0002CO-GEN
          Verbund Hydro Power GmbH                                  DCE3801
          C:\GAMS\48\gamslice.txt
          License Admin: Ulrike Stoecker, Ulrike.Stoecker@verbund.com      
          Course license for use within the course and related course work
          The expiration date of time-limited license is Apr 09, 2025
Processor information: 1 socket(s), 4 core(s), and 8 thread(s) available
GAMS 48.3.0   Copyright (C) 1987-2024 GAMS Development. All rights reserved
--- Starting compilation
--- 20241206_STHS.gms(25) 3 Mb
--- call GDXXRW.EXE  20241206_Input-Output_STHS.xlsx Par=Preis rng=Input!A3:B170 Cdim=0 Rdim=1 Trace = 3

GDXXRW           48.3.0 71b5641f Nov 12, 2024          WEI x86 64bit/MS Window
Excel version 16.0
Input file : C:\Users\E370_\Documents\Uni\electricity-and-water-management\20241206 Einheit 5 EWW\20241206_Input-Output_STHS.xlsx
Output file: C:\Users\E370_\Documents\Uni\electricity-and-water-management\20241206 Einheit 5 EWW\20241206_Input-Output_STHS.gdx
Type Symbol       Dim      Sheet                Data          RowHeader     ColHeader     
Loading sheet Input
Reading data from Excel; Rng = A1:B170
Reading Slice: A1:B170
Par  Preis          1      Input                B3:B170       A3:A170       --:--         
Total time = 1641 Ms
--- 20241206_STHS.gms(26) 3 Mb
--- GDXin=C:\Users\E370_\Documents\Uni\electricity-and-water-management\20241206 Einheit 5 EWW\20241206_Input-Output_STHS.gdx
--- GDX File ($gdxIn) C:\Users\E370_\Documents\Uni\electricity-and-water-management\20241206 Einheit 5 EWW\20241206_Input-Output_STHS.gdx
--- 20241206_STHS.gms(60) 3 Mb
--- Starting execution: elapsed 0:00:02.177
--- 20241206_STHS.gms(55) 4 Mb
--- GDX File (execute_unload) C:\Users\E370_\Documents\Uni\electricity-and-water-management\20241206 Einheit 5 EWW\results.gdx
--- 20241206_STHS.gms(57) 4 Mb

GDXXRW           48.3.0 71b5641f Nov 12, 2024          WEI x86 64bit/MS Window
Input file : C:\Users\E370_\Documents\Uni\electricity-and-water-management\20241206 Einheit 5 EWW\results.gdx
Output file: C:\Users\E370_\Documents\Uni\electricity-and-water-management\20241206 Einheit 5 EWW\20241206_Input-Output_STHS.xlsx
Total time = 20703 Ms
--- 20241206_STHS.gms(58) 4 Mb

GDXXRW           48.3.0 71b5641f Nov 12, 2024          WEI x86 64bit/MS Window
Input file : C:\Users\E370_\Documents\Uni\electricity-and-water-management\20241206 Einheit 5 EWW\results.gdx
Output file: C:\Users\E370_\Documents\Uni\electricity-and-water-management\20241206 Einheit 5 EWW\20241206_Input-Output_STHS.xlsx
Total time = 9156 Ms
--- 20241206_STHS.gms(59) 4 Mb

GDXXRW           48.3.0 71b5641f Nov 12, 2024          WEI x86 64bit/MS Window
Input file : C:\Users\E370_\Documents\Uni\electricity-and-water-management\20241206 Einheit 5 EWW\results.gdx
Output file: C:\Users\E370_\Documents\Uni\electricity-and-water-management\20241206 Einheit 5 EWW\20241206_Input-Output_STHS.xlsx
Total time = 6078 Ms
--- 20241206_STHS.gms(60) 4 Mb

GDXXRW           48.3.0 71b5641f Nov 12, 2024          WEI x86 64bit/MS Window
Input file : C:\Users\E370_\Documents\Uni\electricity-and-water-management\20241206 Einheit 5 EWW\results.gdx
Output file: C:\Users\E370_\Documents\Uni\electricity-and-water-management\20241206 Einheit 5 EWW\20241206_Input-Output_STHS.xlsx
Total time = 7297 Ms
*** Status: Normal completion
--- Job 20241206_STHS.gms Stop 12/06/24 10:37:49 elapsed 0:00:46.611
