GAMS 48.3.0  71b5641f Nov 12, 2024          WEX-WEI x86 64bit/MS Windows - 11/21/24 18:41:50 Page 1
G e n e r a l   A l g e b r a i c   M o d e l i n g   S y s t e m
C o m p i l a t i o n


   1   
   2  set t /1* 769/
   3  ;
   4   
   5  Parameters
INCLUDE    D:\Main\UNI\Master\Elekktrizitäts- und Wasserwirtschaft\Alt\VO Elektrizitäts- und Wasserwirtschaft\VO Elektrizitäts- und Wasserwirtschaft\alt\Einheit 3\Modelle Einheit 3 2023\Modelle Einheit 3 2023\StundenStromPreise.txt
   7  Spot(t) /
   8  1       0
   9  2       26.28
  10  3       25.79
  11  4       25.7
  12  5       26.39
  13  6       38.01
  14  7       51.93
  15  8       52.43
  16  9       52.1
  17  10      50.78
  18  11      50.89
  19  12      46.09
  20  13      45.53
  21  14      45.37
  22  15      47.71
  23  16      50.03
  24  17      54.11
  25  18      58.02
  26  19      66.51
  27  20      54.42
  28  21      49.08
  29  22      44.1
  30  23      38.05
  31  24      40.13
  32  25      35.88
  33  26      34.64
  34  27      31.84
  35  28      33.72
  36  29      36.2
  37  30      46.99
  38  31      56.43
  39  32      61.3
  40  33      60
  41  34      55.49
  42  35      52.72
  43  36      47
  44  37      44.48
  45  38      44.47
  46  39      43.85
  47  40      46.24
  48  41      51.93
  49  42      60
  50  43      65.47
  51  44      53.46
  52  45      46.72
  53  46      41.86
  54  47      37.48
  55  48      35.66
  56  49      32.31
  57  50      31.36
  58  51      30.09
  59  52      30.39
  60  53      35.03
  61  54      40.7
  62  55      52.4
  63  56      59.77
  64  57      57.12
  65  58      54.11
  66  59      51.23
  67  60      45.26
  68  61      43.63
  69  62      43.17
  70  63      43.94
  71  64      45.87
  72  65      50.67
  73  66      53.49
  74  67      55.31
  75  68      47.79
  76  69      39.72
  77  70      37.96
  78  71      34.74
  79  72      33.61
  80  73      31.04
  81  74      30.02
  82  75      29.41
  83  76      30.06
  84  77      32.89
  85  78      39.55
  86  79      48.98
  87  80      54.11
  88  81      54.11
  89  82      51.08
  90  83      46.93
  91  84      44.04
  92  85      40.56
  93  86      38.01
  94  87      36.78
  95  88      38.15
  96  89      39.9
  97  90      43.57
  98  91      44.38
  99  92      35.8
 100  93      30.07
 101  94      30.4
 102  95      29.04
 103  96      29.08
 104  97      25.27
 105  98      29.73
 106  99      24.6
 107  100     25.2
 108  101     29.08
 109  102     36.06
 110  103     47.9
 111  104     51.62
 112  105     48
 113  106     44.49
 114  107     41.11
 115  108     37.89
 116  109     36.91
 117  110     34.78
 118  111     35.33
 119  112     36.92
 120  113     43.83
 121  114     48.11
 122  115     48.88
 123  116     39.32
 124  117     34.11
 125  118     32.87
 126  119     30.06
 127  120     30.09
 128  121     36.04
 129  122     32.93
 130  123     31.07
 131  124     30.06
 132  125     32.09
 133  126     32.28
 134  127     45.68
 135  128     44.1
 136  129     42.5
 137  130     37.19
 138  131     36.09
 139  132     35.5
 140  133     30.84
 141  134     31.13
 142  135     30.07
 143  136     34.77
 144  137     33.06
 145  138     36.95
 146  139     37.37
 147  140     33.35
 148  141     31.53
 149  142     36.01
 150  143     33.08
 151  144     34.06
 152  145     32.01
 153  146     31.07
 154  147     31.05
 155  148     31.04
 156  149     31.03
 157  150     18.06
 158  151     31.04
 159  152     31.03
 160  153     31.02
 161  154     31.03
 162  155     30.14
 163  156     30.71
 164  157     30.45
 165  158     29.42
 166  159     28
 167  160     31.1
 168  161     36.3
 169  162     44.44
 170  163     46.87
 171  164     44.79
 172  165     37.75
 173  166     34.06
 174  167     32.14
 175  168     27.92
 176  169     28.08
 177  170     27.79
 178  171     27.69
 179  172     27.64
 180  173     27.93
 181  174     34.03
 182  175     40.37
 183  176     49.83
 184  177     48.57
 185  178     48.92
 186  179     48.96
 187  180     49.93
 188  181     48
 189  182     48.95
 190  183     49.91
 191  184     51.92
 192  185     54.99
 193  186     61.23
 194  187     63.62
 195  188     58.4
 196  189     51.03
 197  190     42.59
 198  191     40.47
 199  192     36.86
 200  193     37.05
 201  194     36.63
 202  195     35.83
 203  196     35.23
 204  197     35.17
 205  198     36
 206  199     43.26
 207  200     53.5
 208  201     55.81
 209  202     55.01
 210  203     51.92
 211  204     51.81
 212  205     49.77
 213  206     49.02
 214  207     52.3
 215  208     55.01
 216  209     57.2
 217  210     62.44
 218  211     66.18
 219  212     60.75
 220  213     53.93
 221  214     45.95
 222  215     41.25
 223  216     39.23
 224  217     38.06
 225  218     37.02
 226  219     36.14
 227  220     35.58
 228  221     36.15
 229  222     38.44
 230  223     47.44
 231  224     54.12
 232  225     57.6
 233  226     54.5
 234  227     51.67
 235  228     50.74
 236  229     49.99
 237  230     49.98
 238  231     52.64
 239  232     54.77
 240  233     56.17
 241  234     61.57
 242  235     66.7
 243  236     60
 244  237     53.95
 245  238     44.92
 246  239     42.42
 247  240     38.66
 248  241     36.74
 249  242     35.22
 250  243     33.95
 251  244     33.16
 252  245     33.95
 253  246     36.07
 254  247     42.69
 255  248     47.15
 256  249     50.1
 257  250     47.96
 258  251     49.96
 259  252     49.49
 260  253     48.48
 261  254     48.06
 262  255     48.1
 263  256     48.13
 264  257     51.08
 265  258     56.01
 266  259     57.01
 267  260     52.99
 268  261     50.04
 269  262     43.45
 270  263     40.45
 271  264     37.88
 272  265     35.94
 273  266     33.49
 274  267     28.99
 275  268     27.12
 276  269     26.17
 277  270     26.14
 278  271     29.1
 279  272     33.09
 280  273     35.17
 281  274     35.07
 282  275     33.78
 283  276     34.04
 284  277     35.9
 285  278     33.43
 286  279     31.5
 287  280     31.72
 288  281     31.8
 289  282     38.94
 290  283     38.08
 291  284     37.01
 292  285     31.98
 293  286     30.11
 294  287     30.49
 295  288     27.03
 296  289     26.37
 297  290     25.21
 298  291     24.55
 299  292     19.97
 300  293     18.99
 301  294     21.86
 302  295     24.21
 303  296     26.78
 304  297     28.26
 305  298     31.09
 306  299     29.63
 307  300     28.79
 308  301     29.5
 309  302     29.1
 310  303     29.04
 311  304     27.94
 312  305     30
 313  306     33.91
 314  307     39.44
 315  308     33.94
 316  309     30.78
 317  310     27.85
 318  311     28.81
 319  312     26.91
 320  313     15.65
 321  314     9.24
 322  315     5.76
 323  316     1.88
 324  317     5.89
 325  318     10.73
 326  319     14.27
 327  320     20
 328  321     24.2
 329  322     29.11
 330  323     30.02
 331  324     35.19
 332  325     37.76
 333  326     36.17
 334  327     35.77
 335  328     35.09
 336  329     38.01
 337  330     41.21
 338  331     42.83
 339  332     41.04
 340  333     38.29
 341  334     34.3
 342  335     31.37
 343  336     26.46
 344  337     26.68
 345  338     24.94
 346  339     22.51
 347  340     23.1
 348  341     23.94
 349  342     26.59
 350  343     35.5
 351  344     43.56
 352  345     45.35
 353  346     45.07
 354  347     43.97
 355  348     43.33
 356  349     41.71
 357  350     43.65
 358  351     44.39
 359  352     46.38
 360  353     48.19
 361  354     52.89
 362  355     52.92
 363  356     48.91
 364  357     44.21
 365  358     37.95
 366  359     35.5
 367  360     30
 368  361     26.5
 369  362     25.64
 370  363     25.97
 371  364     24.99
 372  365     26.04
 373  366     27.94
 374  367     38.92
 375  368     45.52
 376  369     47.97
 377  370     47.43
 378  371     47.98
 379  372     48.43
 380  373     46.96
 381  374     48.34
 382  375     49.91
 383  376     50
 384  377     50.04
 385  378     60.71
 386  379     62.89
 387  380     52.3
 388  381     47.56
 389  382     43.3
 390  383     41.21
 391  384     38.3
 392  385     36.97
 393  386     35.75
 394  387     34.27
 395  388     33.79
 396  389     34.45
 397  390     37.74
 398  391     45.63
 399  392     55.77
 400  393     57.77
 401  394     56.92
 402  395     56.8
 403  396     56.44
 404  397     54.42
 405  398     55.8
 406  399     57.28
 407  400     57.39
 408  401     60.71
 409  402     76.08
 410  403     87.12
 411  404     65
 412  405     54.47
 413  406     47.52
 414  407     44.59
 415  408     40.3
 416  409     39.07
 417  410     35.95
 418  411     33.4
 419  412     32.67
 420  413     32.98
 421  414     35.22
 422  415     42.62
 423  416     48.12
 424  417     51.29
 425  418     48.56
 426  419     47.54
 427  420     46.36
 428  421     43.91
 429  422     44.57
 430  423     45.61
 431  424     46.83
 432  425     48.68
 433  426     51.17
 434  427     49.95
 435  428     48.09
 436  429     45.05
 437  430     38.33
 438  431     38.42
 439  432     36.18
 440  433     33.82
 441  434     33.59
 442  435     32.07
 443  436     31.82
 444  437     33.19
 445  438     35.22
 446  439     45.09
 447  440     51.91
 448  441     54.32
 449  442     55.62
 450  443     54.94
 451  444     53.95
 452  445     52.44
 453  446     52.52
 454  447     53.01
 455  448     52.19
 456  449     54.3
 457  450     66.47
 458  451     59.98
 459  452     51.97
 460  453     47.6
 461  454     43.83
 462  455     44.28
 463  456     39.34
 464  457     42.63
 465  458     39.78
 466  459     38.81
 467  460     36.94
 468  461     36.2
 469  462     36.13
 470  463     39.57
 471  464     41.56
 472  465     42.02
 473  466     44.57
 474  467     44.15
 475  468     42.55
 476  469     41.42
 477  470     40.01
 478  471     39.96
 479  472     41.67
 480  473     43.81
 481  474     49.95
 482  475     51
 483  476     48.45
 484  477     42.75
 485  478     40.36
 486  479     39.66
 487  480     36.67
 488  481     37.57
 489  482     35.3
 490  483     35.13
 491  484     34.22
 492  485     33.86
 493  486     35.01
 494  487     35.6
 495  488     37.52
 496  489     37.52
 497  490     39.12
 498  491     38.4
 499  492     38.84
 500  493     40.1
 501  494     37.8
 502  495     39.68
 503  496     41.35
 504  497     46.41
 505  498     52.17
 506  499     53.09
 507  500     52.51
 508  501     51.01
 509  502     47
 510  503     44.28
 511  504     40.14
 512  505     37.1
 513  506     36.53
 514  507     36.07
 515  508     34.75
 516  509     34.8
 517  510     36.58
 518  511     44.99
 519  512     47.76
 520  513     51
 521  514     49.85
 522  515     48
 523  516     47.47
 524  517     47.69
 525  518     47.6
 526  519     50.02
 527  520     50.9
 528  521     50.93
 529  522     50.01
 530  523     49.91
 531  524     45.53
 532  525     47.93
 533  526     37.03
 534  527     35.3
 535  528     30.61
 536  529     32.94
 537  530     36.02
 538  531     31.96
 539  532     30.36
 540  533     32.37
 541  534     36.07
 542  535     48
 543  536     53
 544  537     55.68
 545  538     55.71
 546  539     53.63
 547  540     52.96
 548  541     52.85
 549  542     52.85
 550  543     52.99
 551  544     52.08
 552  545     52
 553  546     59.27
 554  547     59.99
 555  548     53.43
 556  549     49.41
 557  550     43.72
 558  551     41.49
 559  552     38.77
 560  553     36.04
 561  554     35.98
 562  555     35.78
 563  556     35.35
 564  557     35.58
 565  558     37.02
 566  559     45.13
 567  560     50.99
 568  561     60.12
 569  562     59.36
 570  563     57.73
 571  564     56.65
 572  565     52.64
 573  566     56.58
 574  567     57.12
 575  568     58.89
 576  569     63.51
 577  570     67.2
 578  571     56.09
 579  572     52.94
 580  573     49.05
 581  574     45.43
 582  575     41.47
 583  576     38.28
 584  577     38.24
 585  578     37.85
 586  579     36.51
 587  580     35.37
 588  581     35.77
 589  582     38.19
 590  583     45.66
 591  584     54.81
 592  585     54.31
 593  586     51.91
 594  587     50.03
 595  588     50.25
 596  589     50.03
 597  590     51.53
 598  591     54.15
 599  592     54.96
 600  593     56.82
 601  594     58.5
 602  595     57.63
 603  596     52.29
 604  597     47.78
 605  598     45.82
 606  599     43.92
 607  600     40.65
 608  601     34.02
 609  602     32.68
 610  603     31.94
 611  604     28.8
 612  605     28.87
 613  606     32.81
 614  607     39.05
 615  608     46.7
 616  609     49.64
 617  610     51.91
 618  611     45.43
 619  612     50.05
 620  613     50.33
 621  614     49.16
 622  615     47.65
 623  616     48.19
 624  617     51.47
 625  618     60
 626  619     52.75
 627  620     51.05
 628  621     46.65
 629  622     45.99
 630  623     40.04
 631  624     38.46
 632  625     36.98
 633  626     37.07
 634  627     36.53
 635  628     37.19
 636  629     37.32
 637  630     37.49
 638  631     38.42
 639  632     39.01
 640  633     42.47
 641  634     44.82
 642  635     43.8
 643  636     43.92
 644  637     41.5
 645  638     38.31
 646  639     37.43
 647  640     39.05
 648  641     42.64
 649  642     45.79
 650  643     47.12
 651  644     44.14
 652  645     40.33
 653  646     37.82
 654  647     37.49
 655  648     34.02
 656  649     33.24
 657  650     32.57
 658  651     33.01
 659  652     32.23
 660  653     32.86
 661  654     33.75
 662  655     32.49
 663  656     33.88
 664  657     36.85
 665  658     38.81
 666  659     39.72
 667  660     40.76
 668  661     40.15
 669  662     39.25
 670  663     39.06
 671  664     39.83
 672  665     41.15
 673  666     46.18
 674  667     46.08
 675  668     45.74
 676  669     41.77
 677  670     39.02
 678  671     37.03
 679  672     32.3
 680  673     24.76
 681  674     27.83
 682  675     26.31
 683  676     28.16
 684  677     29.68
 685  678     35.28
 686  679     43.27
 687  680     53.9
 688  681     53.98
 689  682     53.67
 690  683     51.91
 691  684     51.99
 692  685     51.01
 693  686     52.95
 694  687     52.14
 695  688     53.99
 696  689     56.13
 697  690     60.07
 698  691     55.7
 699  692     50.65
 700  693     43.56
 701  694     40.23
 702  695     39.61
 703  696     36.16
 704  697     32.56
 705  698     31.51
 706  699     28.91
 707  700     28.38
 708  701     31.39
 709  702     35.79
 710  703     42.31
 711  704     53
 712  705     54.63
 713  706     52.5
 714  707     51.02
 715  708     50.95
 716  709     49.16
 717  710     53.9
 718  711     57.65
 719  712     62.74
 720  713     70.43
 721  714     80.1
 722  715     76.09
 723  716     72.79
 724  717     58.97
 725  718     53.1
 726  719     43.34
 727  720     39.53
 728  721     38.77
 729  722     39.92
 730  723     39.7
 731  724     39.73
 732  725     39.5
 733  726     40.79
 734  727     52.54
 735  728     60.52
 736  729     68.9
 737  730     65.93
 738  731     61.02
 739  732     60.68
 740  733     59.12
 741  734     59.05
 742  735     59.82
 743  736     60.69
 744  737     63.29
 745  738     71.05
 746  739     63.5
 747  740     55.9
 748  741     53.95
 749  742     46.96
 750  743     40.76
 751  744     38.61
 752  745     38.62
 753  746     37.59
 754  747     37.05
 755  748     37.67
 756  749     38.39
 757  750     39.96
 758  751     46.72
 759  752     57.98
 760  753     58.4
 761  754     58.93
 762  755     59.16
 763  756     59.11
 764  757     56.28
 765  758     58.09
 766  759     57.32
 767  760     58.13
 768  761     59.86
 769  762     63.38
 770  763     55.58
 771  764     53.92
 772  765     51.98
 773  766     43.77
 774  767     40.13
 775  768     37.1
 776  769     27.01
 777  /
 778   
 779   
 780  variable Z;
 781  positive variable turbine(t)
 782  positive variable pumpe(t)
 783  positive variable speicher(t)
 784  ;
 785   
 786  equations
 787  e_cost
 788  e_speicheranfang
 789  e_speicherende
 790  e_speicher(t)
 791  e_speichermax(t)
 792  e_leistung_turbine(t)
 793  e_leistung_pumpe(t)
 794  ;
 795   
 796  e_cost .. Z =e=  sum(t$(ord(t)>1),turbine(t)*Spot(t)-pumpe(t)*Spot(t));
 797  e_speicheranfang .. speicher('1') =e= 1500;
 798  e_speicherende .. speicher('769') =e= 1000;
 799  e_speicher(t)$(ord(t)>1) .. speicher(t) =e= speicher(t-1) + 10 - turbine(t) + 0.75*pumpe(t);
 800  e_speichermax(t) .. speicher(t) =l= 2000;
 801  e_leistung_turbine(t) .. turbine(t) =l= 300;
 802  e_leistung_pumpe(t) .. pumpe(t) =l= 300;
 803   
 804   
 805   
 806   
 807  model Pumpspeicher /all/;
 808   
 809  solve Pumpspeicher using lp maximizing Z;
 810   
 811  file results1  /speichereinsatz.txt/;
 812   
 813  put results1;
 814  put 'Gesamt Gewinn (Mio):':20:20 (Z.l/1000000) :20:6  /
 815  put't':12:3,'Spot':12:3,'SpeicherStand':12:3,'Gen Speicher':12:3,'Pumpe':12:3/
 816  loop(t,put , ord(t):12:3, Spot(t):12:3,
 817           speicher.l(t):12:3,turbine.l(t):12:3, pumpe.l(t):12:3 /);
 818   
GAMS 48.3.0  71b5641f Nov 12, 2024          WEX-WEI x86 64bit/MS Windows - 11/21/24 18:41:50 Page 2
G e n e r a l   A l g e b r a i c   M o d e l i n g   S y s t e m
Include File Summary


   SEQ   GLOBAL TYPE      PARENT   LOCAL  FILENAME

     1        1 INPUT          0       0  D:\Main\UNI\Master\Elekktrizitäts- und Wasserwirtschaft\Alt\VO Elektrizitäts- und Wasserwirtschaft\VO Elektrizitäts- und Wasserwirtschaft\alt\Einheit 3\Modelle Einheit 3 2023\Modelle Einheit 3 2023\Pumpspeicher.gms
     2        6 INCLUDE        1       6  .D:\Main\UNI\Master\Elekktrizitäts- und Wasserwirtschaft\Alt\VO Elektrizitäts- und Wasserwirtschaft\VO Elektrizitäts- und Wasserwirtschaft\alt\Einheit 3\Modelle Einheit 3 2023\Modelle Einheit 3 2023\StundenStromPreise.txt


COMPILATION TIME     =        0.125 SECONDS      3 MB  48.3.0 71b5641f WEX-WEI
GAMS 48.3.0  71b5641f Nov 12, 2024          WEX-WEI x86 64bit/MS Windows - 11/21/24 18:41:50 Page 3
G e n e r a l   A l g e b r a i c   M o d e l i n g   S y s t e m
Equation Listing    SOLVE Pumpspeicher Using LP From line 809


---- e_cost  =E=  

e_cost..  Z - 26.28*turbine(2) - 25.79*turbine(3) - 25.7*turbine(4) - 26.39*turbine(5) - 38.01*turbine(6) - 51.93*turbine(7) - 52.43*turbine(8) - 52.1*turbine(9) - 50.78*turbine(10) - 50.89*turbine(11) - 46.09*turbine(12) - 45.53*turbine(13) - 45.37*turbine(14) - 47.71*turbine(15) - 50.03*turbine(16) - 54.11*turbine(17) - 58.02*turbine(18) - 66.51*turbine(19) - 54.42*turbine(20) - 49.08*turbine(21) - 44.1*turbine(22) - 38.05*turbine(23) - 40.13*turbine(24) - 35.88*turbine(25) - 34.64*turbine(26) - 31.84*turbine(27) - 33.72*turbine(28) - 36.2*turbine(29) - 46.99*turbine(30) - 56.43*turbine(31) - 61.3*turbine(32) - 60*turbine(33) - 55.49*turbine(34) - 52.72*turbine(35) - 47*turbine(36) - 44.48*turbine(37) - 44.47*turbine(38) - 43.85*turbine(39) - 46.24*turbine(40) - 51.93*turbine(41) - 60*turbine(42) - 65.47*turbine(43) - 53.46*turbine(44) - 46.72*turbine(45) - 41.86*turbine(46) - 37.48*turbine(47) - 35.66*turbine(48) - 32.31*turbine(49) - 31.36*turbine(50) - 30.09*turbine(51) - 30.39*turbine(52) - 35.03*turbine(53) - 40.7*turbine(54) - 52.4*turbine(55) - 59.77*turbine(56) - 57.12*turbine(57) - 54.11*turbine(58) - 51.23*turbine(59) - 45.26*turbine(60) - 43.63*turbine(61) - 43.17*turbine(62) - 43.94*turbine(63) - 45.87*turbine(64) - 50.67*turbine(65) - 53.49*turbine(66) - 55.31*turbine(67) - 47.79*turbine(68) - 39.72*turbine(69) - 37.96*turbine(70) - 34.74*turbine(71) - 33.61*turbine(72) - 31.04*turbine(73) - 30.02*turbine(74) - 29.41*turbine(75) - 30.06*turbine(76) - 32.89*turbine(77) - 39.55*turbine(78) - 48.98*turbine(79) - 54.11*turbine(80) - 54.11*turbine(81) - 51.08*turbine(82) - 46.93*turbine(83) - 44.04*turbine(84) - 40.56*turbine(85) - 38.01*turbine(86) - 36.78*turbine(87) - 38.15*turbine(88) - 39.9*turbine(89) - 43.57*turbine(90) - 44.38*turbine(91) - 35.8*turbine(92) - 30.07*turbine(93) - 30.4*turbine(94) - 29.04*turbine(95) - 29.08*turbine(96) - 25.27*turbine(97) - 29.73*turbine(98) - 24.6*turbine(99) - 25.2*turbine(100) - 29.08*turbine(101) - 36.06*turbine(102) - 47.9*turbine(103) - 51.62*turbine(104) - 48*turbine(105) - 44.49*turbine(106) - 41.11*turbine(107) - 37.89*turbine(108) - 36.91*turbine(109) - 34.78*turbine(110) - 35.33*turbine(111) - 36.92*turbine(112) - 43.83*turbine(113) - 48.11*turbine(114) - 48.88*turbine(115) - 39.32*turbine(116) - 34.11*turbine(117) - 32.87*turbine(118) - 30.06*turbine(119) - 30.09*turbine(120) - 36.04*turbine(121) - 32.93*turbine(122) - 31.07*turbine(123) - 30.06*turbine(124) - 32.09*turbine(125) - 32.28*turbine(126) - 45.68*turbine(127) - 44.1*turbine(128) - 42.5*turbine(129) - 37.19*turbine(130) - 36.09*turbine(131) - 35.5*turbine(132) - 30.84*turbine(133) - 31.13*turbine(134) - 30.07*turbine(135) - 34.77*turbine(136) - 33.06*turbine(137) - 36.95*turbine(138) - 37.37*turbine(139) - 33.35*turbine(140) - 31.53*turbine(141) - 36.01*turbine(142) - 33.08*turbine(143) - 34.06*turbine(144) - 32.01*turbine(145) - 31.07*turbine(146) - 31.05*turbine(147) - 31.04*turbine(148) - 31.03*turbine(149) - 18.06*turbine(150) - 31.04*turbine(151) - 31.03*turbine(152) - 31.02*turbine(153) - 31.03*turbine(154) - 30.14*turbine(155) - 30.71*turbine(156) - 30.45*turbine(157) - 29.42*turbine(158) - 28*turbine(159) - 31.1*turbine(160) - 36.3*turbine(161) - 44.44*turbine(162) - 46.87*turbine(163) - 44.79*turbine(164) - 37.75*turbine(165) - 34.06*turbine(166) - 32.14*turbine(167) - 27.92*turbine(168) - 28.08*turbine(169) - 27.79*turbine(170) - 27.69*turbine(171) - 27.64*turbine(172) - 27.93*turbine(173) - 34.03*turbine(174) - 40.37*turbine(175) - 49.83*turbine(176) - 48.57*turbine(177) - 48.92*turbine(178) - 48.96*turbine(179) - 49.93*turbine(180) - 48*turbine(181) - 48.95*turbine(182) - 49.91*turbine(183) - 51.92*turbine(184) - 54.99*turbine(185) - 61.23*turbine(186) - 63.62*turbine(187) - 58.4*turbine(188) - 51.03*turbine(189) - 42.59*turbine(190) - 40.47*turbine(191) - 36.86*turbine(192) - 37.05*turbine(193) - 36.63*turbine(194) - 35.83*turbine(195) - 35.23*turbine(196) - 35.17*turbine(197) - 36*turbine(198) - 43.26*turbine(199) - 53.5*turbine(200) - 55.81*turbine(201) - 55.01*turbine(202) - 51.92*turbine(203) - 51.81*turbine(204) - 49.77*turbine(205) - 49.02*turbine(206) - 52.3*turbine(207) - 55.01*turbine(208) - 57.2*turbine(209) - 62.44*turbine(210) - 66.18*turbine(211) - 60.75*turbine(212) - 53.93*turbine(213) - 45.95*turbine(214) - 41.25*turbine(215) - 39.23*turbine(216) - 38.06*turbine(217) - 37.02*turbine(218) - 36.14*turbine(219) - 35.58*turbine(220) - 36.15*turbine(221) - 38.44*turbine(222) - 47.44*turbine(223) - 54.12*turbine(224) - 57.6*turbine(225) - 54.5*turbine(226) - 51.67*turbine(227) - 50.74*turbine(228) - 49.99*turbine(229) - 49.98*turbine(230) - 52.64*turbine(231) - 54.77*turbine(232) - 56.17*turbine(233) - 61.57*turbine(234) - 66.7*turbine(235) - 60*turbine(236) - 53.95*turbine(237) - 44.92*turbine(238) - 42.42*turbine(239) - 38.66*turbine(240) - 36.74*turbine(241) - 35.22*turbine(242) - 33.95*turbine(243) - 33.16*turbine(244) - 33.95*turbine(245) - 36.07*turbine(246) - 42.69*turbine(247) - 47.15*turbine(248) - 50.1*turbine(249) - 47.96*turbine(250) - 49.96*turbine(251) - 49.49*turbine(252) - 48.48*turbine(253) - 48.06*turbine(254) - 48.1*turbine(255) - 48.13*turbine(256) - 51.08*turbine(257) - 56.01*turbine(258) - 57.01*turbine(259) - 52.99*turbine(260) - 50.04*turbine(261) - 43.45*turbine(262) - 40.45*turbine(263) - 37.88*turbine(264) - 35.94*turbine(265) - 33.49*turbine(266) - 28.99*turbine(267) - 27.12*turbine(268) - 26.17*turbine(269) - 26.14*turbine(270) - 29.1*turbine(271) - 33.09*turbine(272) - 35.17*turbine(273) - 35.07*turbine(274) - 33.78*turbine(275) - 34.04*turbine(276) - 35.9*turbine(277) - 33.43*turbine(278) - 31.5*turbine(279) - 31.72*turbine(280) - 31.8*turbine(281) - 38.94*turbine(282) - 38.08*turbine(283) - 37.01*turbine(284) - 31.98*turbine(285) - 30.11*turbine(286) - 30.49*turbine(287) - 27.03*turbine(288) - 26.37*turbine(289) - 25.21*turbine(290) - 24.55*turbine(291) - 19.97*turbine(292) - 18.99*turbine(293) - 21.86*turbine(294) - 24.21*turbine(295) - 26.78*turbine(296) - 28.26*turbine(297) - 31.09*turbine(298) - 29.63*turbine(299) - 28.79*turbine(300) - 29.5*turbine(301) - 29.1*turbine(302) - 29.04*turbine(303) - 27.94*turbine(304) - 30*turbine(305) - 33.91*turbine(306) - 39.44*turbine(307) - 33.94*turbine(308) - 30.78*turbine(309) - 27.85*turbine(310) - 28.81*turbine(311) - 26.91*turbine(312) - 15.65*turbine(313) - 9.24*turbine(314) - 5.76*turbine(315) - 1.88*turbine(316) - 5.89*turbine(317) - 10.73*turbine(318) - 14.27*turbine(319) - 20*turbine(320) - 24.2*turbine(321) - 29.11*turbine(322) - 30.02*turbine(323) - 35.19*turbine(324) - 37.76*turbine(325) - 36.17*turbine(326) - 35.77*turbine(327) - 35.09*turbine(328) - 38.01*turbine(329) - 41.21*turbine(330) - 42.83*turbine(331) - 41.04*turbine(332) - 38.29*turbine(333) - 34.3*turbine(334) - 31.37*turbine(335) - 26.46*turbine(336) - 26.68*turbine(337) - 24.94*turbine(338) - 22.51*turbine(339) - 23.1*turbine(340) - 23.94*turbine(341) - 26.59*turbine(342) - 35.5*turbine(343) - 43.56*turbine(344) - 45.35*turbine(345) - 45.07*turbine(346) - 43.97*turbine(347) - 43.33*turbine(348) - 41.71*turbine(349) - 43.65*turbine(350) - 44.39*turbine(351) - 46.38*turbine(352) - 48.19*turbine(353) - 52.89*turbine(354) - 52.92*turbine(355) - 48.91*turbine(356) - 44.21*turbine(357) - 37.95*turbine(358) - 35.5*turbine(359) - 30*turbine(360) - 26.5*turbine(361) - 25.64*turbine(362) - 25.97*turbine(363) - 24.99*turbine(364) - 26.04*turbine(365) - 27.94*turbine(366) - 38.92*turbine(367) - 45.52*turbine(368) - 47.97*turbine(369) - 47.43*turbine(370) - 47.98*turbine(371) - 48.43*turbine(372) - 46.96*turbine(373) - 48.34*turbine(374) - 49.91*turbine(375) - 50*turbine(376) - 50.04*turbine(377) - 60.71*turbine(378) - 62.89*turbine(379) - 52.3*turbine(380) - 47.56*turbine(381) - 43.3*turbine(382) - 41.21*turbine(383) - 38.3*turbine(384) - 36.97*turbine(385) - 35.75*turbine(386) - 34.27*turbine(387) - 33.79*turbine(388) - 34.45*turbine(389) - 37.74*turbine(390) - 45.63*turbine(391) - 55.77*turbine(392) - 57.77*turbine(393) - 56.92*turbine(394) - 56.8*turbine(395) - 56.44*turbine(396) - 54.42*turbine(397) - 55.8*turbine(398) - 57.28*turbine(399) - 57.39*turbine(400) - 60.71*turbine(401) - 76.08*turbine(402) - 87.12*turbine(403) - 65*turbine(404) - 54.47*turbine(405) - 47.52*turbine(406) - 44.59*turbine(407) - 40.3*turbine(408) - 39.07*turbine(409) - 35.95*turbine(410) - 33.4*turbine(411) - 32.67*turbine(412) - 32.98*turbine(413) - 35.22*turbine(414) - 42.62*turbine(415) - 48.12*turbine(416) - 51.29*turbine(417) - 48.56*turbine(418) - 47.54*turbine(419) - 46.36*turbine(420) - 43.91*turbine(421) - 44.57*turbine(422) - 45.61*turbine(423) - 46.83*turbine(424) - 48.68*turbine(425) - 51.17*turbine(426) - 49.95*turbine(427) - 48.09*turbine(428) - 45.05*turbine(429) - 38.33*turbine(430) - 38.42*turbine(431) - 36.18*turbine(432) - 33.82*turbine(433) - 33.59*turbine(434) - 32.07*turbine(435) - 31.82*turbine(436) - 33.19*turbine(437) - 35.22*turbine(438) - 45.09*turbine(439) - 51.91*turbine(440) - 54.32*turbine(441) - 55.62*turbine(442) - 54.94*turbine(443) - 53.95*turbine(444) - 52.44*turbine(445) - 52.52*turbine(446) - 53.01*turbine(447) - 52.19*turbine(448) - 54.3*turbine(449) - 66.47*turbine(450) - 59.98*turbine(451) - 51.97*turbine(452) - 47.6*turbine(453) - 43.83*turbine(454) - 44.28*turbine(455) - 39.34*turbine(456) - 42.63*turbine(457) - 39.78*turbine(458) - 38.81*turbine(459) - 36.94*turbine(460) - 36.2*turbine(461) - 36.13*turbine(462) - 39.57*turbine(463) - 41.56*turbine(464) - 42.02*turbine(465) - 44.57*turbine(466) - 44.15*turbine(467) - 42.55*turbine(468) - 41.42*turbine(469) - 40.01*turbine(470) - 39.96*turbine(471) - 41.67*turbine(472) - 43.81*turbine(473) - 49.95*turbine(474) - 51*turbine(475) - 48.45*turbine(476) - 42.75*turbine(477) - 40.36*turbine(478) - 39.66*turbine(479) - 36.67*turbine(480) - 37.57*turbine(481) - 35.3*turbine(482) - 35.13*turbine(483) - 34.22*turbine(484) - 33.86*turbine(485) - 35.01*turbine(486) - 35.6*turbine(487) - 37.52*turbine(488) - 37.52*turbine(489) - 39.12*turbine(490) - 38.4*turbine(491) - 38.84*turbine(492) - 40.1*turbine(493) - 37.8*turbine(494) - 39.68*turbine(495) - 41.35*turbine(496) - 46.41*turbine(497) - 52.17*turbine(498) - 53.09*turbine(499) - 52.51*turbine(500) - 51.01*turbine(501) - 47*turbine(502) - 44.28*turbine(503) - 40.14*turbine(504) - 37.1*turbine(505) - 36.53*turbine(506) - 36.07*turbine(507) - 34.75*turbine(508) - 34.8*turbine(509) - 36.58*turbine(510) - 44.99*turbine(511) - 47.76*turbine(512) - 51*turbine(513) - 49.85*turbine(514) - 48*turbine(515) - 47.47*turbine(516) - 47.69*turbine(517) - 47.6*turbine(518) - 50.02*turbine(519) - 50.9*turbine(520) - 50.93*turbine(521) - 50.01*turbine(522) - 49.91*turbine(523) - 45.53*turbine(524) - 47.93*turbine(525) - 37.03*turbine(526) - 35.3*turbine(527) - 30.61*turbine(528) - 32.94*turbine(529) - 36.02*turbine(530) - 31.96*turbine(531) - 30.36*turbine(532) - 32.37*turbine(533) - 36.07*turbine(534) - 48*turbine(535) - 53*turbine(536) - 55.68*turbine(537) - 55.71*turbine(538) - 53.63*turbine(539) - 52.96*turbine(540) - 52.85*turbine(541) - 52.85*turbine(542) - 52.99*turbine(543) - 52.08*turbine(544) - 52*turbine(545) - 59.27*turbine(546) - 59.99*turbine(547) - 53.43*turbine(548) - 49.41*turbine(549) - 43.72*turbine(550) - 41.49*turbine(551) - 38.77*turbine(552) - 36.04*turbine(553) - 35.98*turbine(554) - 35.78*turbine(555) - 35.35*turbine(556) - 35.58*turbine(557) - 37.02*turbine(558) - 45.13*turbine(559) - 50.99*turbine(560) - 60.12*turbine(561) - 59.36*turbine(562) - 57.73*turbine(563) - 56.65*turbine(564) - 52.64*turbine(565) - 56.58*turbine(566) - 57.12*turbine(567) - 58.89*turbine(568) - 63.51*turbine(569) - 67.2*turbine(570) - 56.09*turbine(571) - 52.94*turbine(572) - 49.05*turbine(573) - 45.43*turbine(574) - 41.47*turbine(575) - 38.28*turbine(576) - 38.24*turbine(577) - 37.85*turbine(578) - 36.51*turbine(579) - 35.37*turbine(580) - 35.77*turbine(581) - 38.19*turbine(582) - 45.66*turbine(583) - 54.81*turbine(584) - 54.31*turbine(585) - 51.91*turbine(586) - 50.03*turbine(587) - 50.25*turbine(588) - 50.03*turbine(589) - 51.53*turbine(590) - 54.15*turbine(591) - 54.96*turbine(592) - 56.82*turbine(593) - 58.5*turbine(594) - 57.63*turbine(595) - 52.29*turbine(596) - 47.78*turbine(597) - 45.82*turbine(598) - 43.92*turbine(599) - 40.65*turbine(600) - 34.02*turbine(601) - 32.68*turbine(602) - 31.94*turbine(603) - 28.8*turbine(604) - 28.87*turbine(605) - 32.81*turbine(606) - 39.05*turbine(607) - 46.7*turbine(608) - 49.64*turbine(609) - 51.91*turbine(610) - 45.43*turbine(611) - 50.05*turbine(612) - 50.33*turbine(613) - 49.16*turbine(614) - 47.65*turbine(615) - 48.19*turbine(616) - 51.47*turbine(617) - 60*turbine(618) - 52.75*turbine(619) - 51.05*turbine(620) - 46.65*turbine(621) - 45.99*turbine(622) - 40.04*turbine(623) - 38.46*turbine(624) - 36.98*turbine(625) - 37.07*turbine(626) - 36.53*turbine(627) - 37.19*turbine(628) - 37.32*turbine(629) - 37.49*turbine(630) - 38.42*turbine(631) - 39.01*turbine(632) - 42.47*turbine(633) - 44.82*turbine(634) - 43.8*turbine(635) - 43.92*turbine(636) - 41.5*turbine(637) - 38.31*turbine(638) - 37.43*turbine(639) - 39.05*turbine(640) - 42.64*turbine(641) - 45.79*turbine(642) - 47.12*turbine(643) - 44.14*turbine(644) - 40.33*turbine(645) - 37.82*turbine(646) - 37.49*turbine(647) - 34.02*turbine(648) - 33.24*turbine(649) - 32.57*turbine(650) - 33.01*turbine(651) - 32.23*turbine(652) - 32.86*turbine(653) - 33.75*turbine(654) - 32.49*turbine(655) - 33.88*turbine(656) - 36.85*turbine(657) - 38.81*turbine(658) - 39.72*turbine(659) - 40.76*turbine(660) - 40.15*turbine(661) - 39.25*turbine(662) - 39.06*turbine(663) - 39.83*turbine(664) - 41.15*turbine(665) - 46.18*turbine(666) - 46.08*turbine(667) - 45.74*turbine(668) - 41.77*turbine(669) - 39.02*turbine(670) - 37.03*turbine(671) - 32.3*turbine(672) - 24.76*turbine(673) - 27.83*turbine(674) - 26.31*turbine(675) - 28.16*turbine(676) - 29.68*turbine(677) - 35.28*turbine(678) - 43.27*turbine(679) - 53.9*turbine(680) - 53.98*turbine(681) - 53.67*turbine(682) - 51.91*turbine(683) - 51.99*turbine(684) - 51.01*turbine(685) - 52.95*turbine(686) - 52.14*turbine(687) - 53.99*turbine(688) - 56.13*turbine(689) - 60.07*turbine(690) - 55.7*turbine(691) - 50.65*turbine(692) - 43.56*turbine(693) - 40.23*turbine(694) - 39.61*turbine(695) - 36.16*turbine(696) - 32.56*turbine(697) - 31.51*turbine(698) - 28.91*turbine(699) - 28.38*turbine(700) - 31.39*turbine(701) - 35.79*turbine(702) - 42.31*turbine(703) - 53*turbine(704) - 54.63*turbine(705) - 52.5*turbine(706) - 51.02*turbine(707) - 50.95*turbine(708) - 49.16*turbine(709) - 53.9*turbine(710) - 57.65*turbine(711) - 62.74*turbine(712) - 70.43*turbine(713) - 80.1*turbine(714) - 76.09*turbine(715) - 72.79*turbine(716) - 58.97*turbine(717) - 53.1*turbine(718) - 43.34*turbine(719) - 39.53*turbine(720) - 38.77*turbine(721) - 39.92*turbine(722) - 39.7*turbine(723) - 39.73*turbine(724) - 39.5*turbine(725) - 40.79*turbine(726) - 52.54*turbine(727) - 60.52*turbine(728) - 68.9*turbine(729) - 65.93*turbine(730) - 61.02*turbine(731) - 60.68*turbine(732) - 59.12*turbine(733) - 59.05*turbine(734) - 59.82*turbine(735) - 60.69*turbine(736) - 63.29*turbine(737) - 71.05*turbine(738) - 63.5*turbine(739) - 55.9*turbine(740) - 53.95*turbine(741) - 46.96*turbine(742) - 40.76*turbine(743) - 38.61*turbine(744) - 38.62*turbine(745) - 37.59*turbine(746) - 37.05*turbine(747) - 37.67*turbine(748) - 38.39*turbine(749) - 39.96*turbine(750) - 46.72*turbine(751) - 57.98*turbine(752) - 58.4*turbine(753) - 58.93*turbine(754) - 59.16*turbine(755) - 59.11*turbine(756) - 56.28*turbine(757) - 58.09*turbine(758) - 57.32*turbine(759) - 58.13*turbine(760) - 59.86*turbine(761) - 63.38*turbine(762) - 55.58*turbine(763) - 53.92*turbine(764) - 51.98*turbine(765) - 43.77*turbine(766) - 40.13*turbine(767) - 37.1*turbine(768) - 27.01*turbine(769) + 26.28*pumpe(2) + 25.79*pumpe(3) + 25.7*pumpe(4) + 26.39*pumpe(5) + 38.01*pumpe(6) + 51.93*pumpe(7) + 52.43*pumpe(8) + 52.1*pumpe(9) + 50.78*pumpe(10) + 50.89*pumpe(11) + 46.09*pumpe(12) + 45.53*pumpe(13) + 45.37*pumpe(14) + 47.71*pumpe(15) + 50.03*pumpe(16) + 54.11*pumpe(17) + 58.02*pumpe(18) + 66.51*pumpe(19) + 54.42*pumpe(20) + 49.08*pumpe(21) + 44.1*pumpe(22) + 38.05*pumpe(23) + 40.13*pumpe(24) + 35.88*pumpe(25) + 34.64*pumpe(26) + 31.84*pumpe(27) + 33.72*pumpe(28) + 36.2*pumpe(29) + 46.99*pumpe(30) + 56.43*pumpe(31) + 61.3*pumpe(32) + 60*pumpe(33) + 55.49*pumpe(34) + 52.72*pumpe(35) + 47*pumpe(36) + 44.48*pumpe(37) + 44.47*pumpe(38) + 43.85*pumpe(39) + 46.24*pumpe(40) + 51.93*pumpe(41) + 60*pumpe(42) + 65.47*pumpe(43) + 53.46*pumpe(44) + 46.72*pumpe(45) + 41.86*pumpe(46) + 37.48*pumpe(47) + 35.66*pumpe(48) + 32.31*pumpe(49) + 31.36*pumpe(50) + 30.09*pumpe(51) + 30.39*pumpe(52) + 35.03*pumpe(53) + 40.7*pumpe(54) + 52.4*pumpe(55) + 59.77*pumpe(56) + 57.12*pumpe(57) + 54.11*pumpe(58) + 51.23*pumpe(59) + 45.26*pumpe(60) + 43.63*pumpe(61) + 43.17*pumpe(62) + 43.94*pumpe(63) + 45.87*pumpe(64) + 50.67*pumpe(65) + 53.49*pumpe(66) + 55.31*pumpe(67) + 47.79*pumpe(68) + 39.72*pumpe(69) + 37.96*pumpe(70) + 34.74*pumpe(71) + 33.61*pumpe(72) + 31.04*pumpe(73) + 30.02*pumpe(74) + 29.41*pumpe(75) + 30.06*pumpe(76) + 32.89*pumpe(77) + 39.55*pumpe(78) + 48.98*pumpe(79) + 54.11*pumpe(80) + 54.11*pumpe(81) + 51.08*pumpe(82) + 46.93*pumpe(83) + 44.04*pumpe(84) + 40.56*pumpe(85) + 38.01*pumpe(86) + 36.78*pumpe(87) + 38.15*pumpe(88) + 39.9*pumpe(89) + 43.57*pumpe(90) + 44.38*pumpe(91) + 35.8*pumpe(92) + 30.07*pumpe(93) + 30.4*pumpe(94) + 29.04*pumpe(95) + 29.08*pumpe(96) + 25.27*pumpe(97) + 29.73*pumpe(98) + 24.6*pumpe(99) + 25.2*pumpe(100) + 29.08*pumpe(101) + 36.06*pumpe(102) + 47.9*pumpe(103) + 51.62*pumpe(104) + 48*pumpe(105) + 44.49*pumpe(106) + 41.11*pumpe(107) + 37.89*pumpe(108) + 36.91*pumpe(109) + 34.78*pumpe(110) + 35.33*pumpe(111) + 36.92*pumpe(112) + 43.83*pumpe(113) + 48.11*pumpe(114) + 48.88*pumpe(115) + 39.32*pumpe(116) + 34.11*pumpe(117) + 32.87*pumpe(118) + 30.06*pumpe(119) + 30.09*pumpe(120) + 36.04*pumpe(121) + 32.93*pumpe(122) + 31.07*pumpe(123) + 30.06*pumpe(124) + 32.09*pumpe(125) + 32.28*pumpe(126) + 45.68*pumpe(127) + 44.1*pumpe(128) + 42.5*pumpe(129) + 37.19*pumpe(130) + 36.09*pumpe(131) + 35.5*pumpe(132) + 30.84*pumpe(133) + 31.13*pumpe(134) + 30.07*pumpe(135) + 34.77*pumpe(136) + 33.06*pumpe(137) + 36.95*pumpe(138) + 37.37*pumpe(139) + 33.35*pumpe(140) + 31.53*pumpe(141) + 36.01*pumpe(142) + 33.08*pumpe(143) + 34.06*pumpe(144) + 32.01*pumpe(145) + 31.07*pumpe(146) + 31.05*pumpe(147) + 31.04*pumpe(148) + 31.03*pumpe(149) + 18.06*pumpe(150) + 31.04*pumpe(151) + 31.03*pumpe(152) + 31.02*pumpe(153) + 31.03*pumpe(154) + 30.14*pumpe(155) + 30.71*pumpe(156) + 30.45*pumpe(157) + 29.42*pumpe(158) + 28*pumpe(159) + 31.1*pumpe(160) + 36.3*pumpe(161) + 44.44*pumpe(162) + 46.87*pumpe(163) + 44.79*pumpe(164) + 37.75*pumpe(165) + 34.06*pumpe(166) + 32.14*pumpe(167) + 27.92*pumpe(168) + 28.08*pumpe(169) + 27.79*pumpe(170) + 27.69*pumpe(171) + 27.64*pumpe(172) + 27.93*pumpe(173) + 34.03*pumpe(174) + 40.37*pumpe(175) + 49.83*pumpe(176) + 48.57*pumpe(177) + 48.92*pumpe(178) + 48.96*pumpe(179) + 49.93*pumpe(180) + 48*pumpe(181) + 48.95*pumpe(182) + 49.91*pumpe(183) + 51.92*pumpe(184) + 54.99*pumpe(185) + 61.23*pumpe(186) + 63.62*pumpe(187) + 58.4*pumpe(188) + 51.03*pumpe(189) + 42.59*pumpe(190) + 40.47*pumpe(191) + 36.86*pumpe(192) + 37.05*pumpe(193) + 36.63*pumpe(194) + 35.83*pumpe(195) + 35.23*pumpe(196) + 35.17*pumpe(197) + 36*pumpe(198) + 43.26*pumpe(199) + 53.5*pumpe(200) + 55.81*pumpe(201) + 55.01*pumpe(202) + 51.92*pumpe(203) + 51.81*pumpe(204) + 49.77*pumpe(205) + 49.02*pumpe(206) + 52.3*pumpe(207) + 55.01*pumpe(208) + 57.2*pumpe(209) + 62.44*pumpe(210) + 66.18*pumpe(211) + 60.75*pumpe(212) + 53.93*pumpe(213) + 45.95*pumpe(214) + 41.25*pumpe(215) + 39.23*pumpe(216) + 38.06*pumpe(217) + 37.02*pumpe(218) + 36.14*pumpe(219) + 35.58*pumpe(220) + 36.15*pumpe(221) + 38.44*pumpe(222) + 47.44*pumpe(223) + 54.12*pumpe(224) + 57.6*pumpe(225) + 54.5*pumpe(226) + 51.67*pumpe(227) + 50.74*pumpe(228) + 49.99*pumpe(229) + 49.98*pumpe(230) + 52.64*pumpe(231) + 54.77*pumpe(232) + 56.17*pumpe(233) + 61.57*pumpe(234) + 66.7*pumpe(235) + 60*pumpe(236) + 53.95*pumpe(237) + 44.92*pumpe(238) + 42.42*pumpe(239) + 38.66*pumpe(240) + 36.74*pumpe(241) + 35.22*pumpe(242) + 33.95*pumpe(243) + 33.16*pumpe(244) + 33.95*pumpe(245) + 36.07*pumpe(246) + 42.69*pumpe(247) + 47.15*pumpe(248) + 50.1*pumpe(249) + 47.96*pumpe(250) + 49.96*pumpe(251) + 49.49*pumpe(252) + 48.48*pumpe(253) + 48.06*pumpe(254) + 48.1*pumpe(255) + 48.13*pumpe(256) + 51.08*pumpe(257) + 56.01*pumpe(258) + 57.01*pumpe(259) + 52.99*pumpe(260) + 50.04*pumpe(261) + 43.45*pumpe(262) + 40.45*pumpe(263) + 37.88*pumpe(264) + 35.94*pumpe(265) + 33.49*pumpe(266) + 28.99*pumpe(267) + 27.12*pumpe(268) + 26.17*pumpe(269) + 26.14*pumpe(270) + 29.1*pumpe(271) + 33.09*pumpe(272) + 35.17*pumpe(273) + 35.07*pumpe(274) + 33.78*pumpe(275) + 34.04*pumpe(276) + 35.9*pumpe(277) + 33.43*pumpe(278) + 31.5*pumpe(279) + 31.72*pumpe(280) + 31.8*pumpe(281) + 38.94*pumpe(282) + 38.08*pumpe(283) + 37.01*pumpe(284) + 31.98*pumpe(285) + 30.11*pumpe(286) + 30.49*pumpe(287) + 27.03*pumpe(288) + 26.37*pumpe(289) + 25.21*pumpe(290) + 24.55*pumpe(291) + 19.97*pumpe(292) + 18.99*pumpe(293) + 21.86*pumpe(294) + 24.21*pumpe(295) + 26.78*pumpe(296) + 28.26*pumpe(297) + 31.09*pumpe(298) + 29.63*pumpe(299) + 28.79*pumpe(300) + 29.5*pumpe(301) + 29.1*pumpe(302) + 29.04*pumpe(303) + 27.94*pumpe(304) + 30*pumpe(305) + 33.91*pumpe(306) + 39.44*pumpe(307) + 33.94*pumpe(308) + 30.78*pumpe(309) + 27.85*pumpe(310) + 28.81*pumpe(311) + 26.91*pumpe(312) + 15.65*pumpe(313) + 9.24*pumpe(314) + 5.76*pumpe(315) + 1.88*pumpe(316) + 5.89*pumpe(317) + 10.73*pumpe(318) + 14.27*pumpe(319) + 20*pumpe(320) + 24.2*pumpe(321) + 29.11*pumpe(322) + 30.02*pumpe(323) + 35.19*pumpe(324) + 37.76*pumpe(325) + 36.17*pumpe(326) + 35.77*pumpe(327) + 35.09*pumpe(328) + 38.01*pumpe(329) + 41.21*pumpe(330) + 42.83*pumpe(331) + 41.04*pumpe(332) + 38.29*pumpe(333) + 34.3*pumpe(334) + 31.37*pumpe(335) + 26.46*pumpe(336) + 26.68*pumpe(337) + 24.94*pumpe(338) + 22.51*pumpe(339) + 23.1*pumpe(340) + 23.94*pumpe(341) + 26.59*pumpe(342) + 35.5*pumpe(343) + 43.56*pumpe(344) + 45.35*pumpe(345) + 45.07*pumpe(346) + 43.97*pumpe(347) + 43.33*pumpe(348) + 41.71*pumpe(349) + 43.65*pumpe(350) + 44.39*pumpe(351) + 46.38*pumpe(352) + 48.19*pumpe(353) + 52.89*pumpe(354) + 52.92*pumpe(355) + 48.91*pumpe(356) + 44.21*pumpe(357) + 37.95*pumpe(358) + 35.5*pumpe(359) + 30*pumpe(360) + 26.5*pumpe(361) + 25.64*pumpe(362) + 25.97*pumpe(363) + 24.99*pumpe(364) + 26.04*pumpe(365) + 27.94*pumpe(366) + 38.92*pumpe(367) + 45.52*pumpe(368) + 47.97*pumpe(369) + 47.43*pumpe(370) + 47.98*pumpe(371) + 48.43*pumpe(372) + 46.96*pumpe(373) + 48.34*pumpe(374) + 49.91*pumpe(375) + 50*pumpe(376) + 50.04*pumpe(377) + 60.71*pumpe(378) + 62.89*pumpe(379) + 52.3*pumpe(380) + 47.56*pumpe(381) + 43.3*pumpe(382) + 41.21*pumpe(383) + 38.3*pumpe(384) + 36.97*pumpe(385) + 35.75*pumpe(386) + 34.27*pumpe(387) + 33.79*pumpe(388) + 34.45*pumpe(389) + 37.74*pumpe(390) + 45.63*pumpe(391) + 55.77*pumpe(392) + 57.77*pumpe(393) + 56.92*pumpe(394) + 56.8*pumpe(395) + 56.44*pumpe(396) + 54.42*pumpe(397) + 55.8*pumpe(398) + 57.28*pumpe(399) + 57.39*pumpe(400) + 60.71*pumpe(401) + 76.08*pumpe(402) + 87.12*pumpe(403) + 65*pumpe(404) + 54.47*pumpe(405) + 47.52*pumpe(406) + 44.59*pumpe(407) + 40.3*pumpe(408) + 39.07*pumpe(409) + 35.95*pumpe(410) + 33.4*pumpe(411) + 32.67*pumpe(412) + 32.98*pumpe(413) + 35.22*pumpe(414) + 42.62*pumpe(415) + 48.12*pumpe(416) + 51.29*pumpe(417) + 48.56*pumpe(418) + 47.54*pumpe(419) + 46.36*pumpe(420) + 43.91*pumpe(421) + 44.57*pumpe(422) + 45.61*pumpe(423) + 46.83*pumpe(424) + 48.68*pumpe(425) + 51.17*pumpe(426) + 49.95*pumpe(427) + 48.09*pumpe(428) + 45.05*pumpe(429) + 38.33*pumpe(430) + 38.42*pumpe(431) + 36.18*pumpe(432) + 33.82*pumpe(433) + 33.59*pumpe(434) + 32.07*pumpe(435) + 31.82*pumpe(436) + 33.19*pumpe(437) + 35.22*pumpe(438) + 45.09*pumpe(439) + 51.91*pumpe(440) + 54.32*pumpe(441) + 55.62*pumpe(442) + 54.94*pumpe(443) + 53.95*pumpe(444) + 52.44*pumpe(445) + 52.52*pumpe(446) + 53.01*pumpe(447) + 52.19*pumpe(448) + 54.3*pumpe(449) + 66.47*pumpe(450) + 59.98*pumpe(451) + 51.97*pumpe(452) + 47.6*pumpe(453) + 43.83*pumpe(454) + 44.28*pumpe(455) + 39.34*pumpe(456) + 42.63*pumpe(457) + 39.78*pumpe(458) + 38.81*pumpe(459) + 36.94*pumpe(460) + 36.2*pumpe(461) + 36.13*pumpe(462) + 39.57*pumpe(463) + 41.56*pumpe(464) + 42.02*pumpe(465) + 44.57*pumpe(466) + 44.15*pumpe(467) + 42.55*pumpe(468) + 41.42*pumpe(469) + 40.01*pumpe(470) + 39.96*pumpe(471) + 41.67*pumpe(472) + 43.81*pumpe(473) + 49.95*pumpe(474) + 51*pumpe(475) + 48.45*pumpe(476) + 42.75*pumpe(477) + 40.36*pumpe(478) + 39.66*pumpe(479) + 36.67*pumpe(480) + 37.57*pumpe(481) + 35.3*pumpe(482) + 35.13*pumpe(483) + 34.22*pumpe(484) + 33.86*pumpe(485) + 35.01*pumpe(486) + 35.6*pumpe(487) + 37.52*pumpe(488) + 37.52*pumpe(489) + 39.12*pumpe(490) + 38.4*pumpe(491) + 38.84*pumpe(492) + 40.1*pumpe(493) + 37.8*pumpe(494) + 39.68*pumpe(495) + 41.35*pumpe(496) + 46.41*pumpe(497) + 52.17*pumpe(498) + 53.09*pumpe(499) + 52.51*pumpe(500) + 51.01*pumpe(501) + 47*pumpe(502) + 44.28*pumpe(503) + 40.14*pumpe(504) + 37.1*pumpe(505) + 36.53*pumpe(506) + 36.07*pumpe(507) + 34.75*pumpe(508) + 34.8*pumpe(509) + 36.58*pumpe(510) + 44.99*pumpe(511) + 47.76*pumpe(512) + 51*pumpe(513) + 49.85*pumpe(514) + 48*pumpe(515) + 47.47*pumpe(516) + 47.69*pumpe(517) + 47.6*pumpe(518) + 50.02*pumpe(519) + 50.9*pumpe(520) + 50.93*pumpe(521) + 50.01*pumpe(522) + 49.91*pumpe(523) + 45.53*pumpe(524) + 47.93*pumpe(525) + 37.03*pumpe(526) + 35.3*pumpe(527) + 30.61*pumpe(528) + 32.94*pumpe(529) + 36.02*pumpe(530) + 31.96*pumpe(531) + 30.36*pumpe(532) + 32.37*pumpe(533) + 36.07*pumpe(534) + 48*pumpe(535) + 53*pumpe(536) + 55.68*pumpe(537) + 55.71*pumpe(538) + 53.63*pumpe(539) + 52.96*pumpe(540) + 52.85*pumpe(541) + 52.85*pumpe(542) + 52.99*pumpe(543) + 52.08*pumpe(544) + 52*pumpe(545) + 59.27*pumpe(546) + 59.99*pumpe(547) + 53.43*pumpe(548) + 49.41*pumpe(549) + 43.72*pumpe(550) + 41.49*pumpe(551) + 38.77*pumpe(552) + 36.04*pumpe(553) + 35.98*pumpe(554) + 35.78*pumpe(555) + 35.35*pumpe(556) + 35.58*pumpe(557) + 37.02*pumpe(558) + 45.13*pumpe(559) + 50.99*pumpe(560) + 60.12*pumpe(561) + 59.36*pumpe(562) + 57.73*pumpe(563) + 56.65*pumpe(564) + 52.64*pumpe(565) + 56.58*pumpe(566) + 57.12*pumpe(567) + 58.89*pumpe(568) + 63.51*pumpe(569) + 67.2*pumpe(570) + 56.09*pumpe(571) + 52.94*pumpe(572) + 49.05*pumpe(573) + 45.43*pumpe(574) + 41.47*pumpe(575) + 38.28*pumpe(576) + 38.24*pumpe(577) + 37.85*pumpe(578) + 36.51*pumpe(579) + 35.37*pumpe(580) + 35.77*pumpe(581) + 38.19*pumpe(582) + 45.66*pumpe(583) + 54.81*pumpe(584) + 54.31*pumpe(585) + 51.91*pumpe(586) + 50.03*pumpe(587) + 50.25*pumpe(588) + 50.03*pumpe(589) + 51.53*pumpe(590) + 54.15*pumpe(591) + 54.96*pumpe(592) + 56.82*pumpe(593) + 58.5*pumpe(594) + 57.63*pumpe(595) + 52.29*pumpe(596) + 47.78*pumpe(597) + 45.82*pumpe(598) + 43.92*pumpe(599) + 40.65*pumpe(600) + 34.02*pumpe(601) + 32.68*pumpe(602) + 31.94*pumpe(603) + 28.8*pumpe(604) + 28.87*pumpe(605) + 32.81*pumpe(606) + 39.05*pumpe(607) + 46.7*pumpe(608) + 49.64*pumpe(609) + 51.91*pumpe(610) + 45.43*pumpe(611) + 50.05*pumpe(612) + 50.33*pumpe(613) + 49.16*pumpe(614) + 47.65*pumpe(615) + 48.19*pumpe(616) + 51.47*pumpe(617) + 60*pumpe(618) + 52.75*pumpe(619) + 51.05*pumpe(620) + 46.65*pumpe(621) + 45.99*pumpe(622) + 40.04*pumpe(623) + 38.46*pumpe(624) + 36.98*pumpe(625) + 37.07*pumpe(626) + 36.53*pumpe(627) + 37.19*pumpe(628) + 37.32*pumpe(629) + 37.49*pumpe(630) + 38.42*pumpe(631) + 39.01*pumpe(632) + 42.47*pumpe(633) + 44.82*pumpe(634) + 43.8*pumpe(635) + 43.92*pumpe(636) + 41.5*pumpe(637) + 38.31*pumpe(638) + 37.43*pumpe(639) + 39.05*pumpe(640) + 42.64*pumpe(641) + 45.79*pumpe(642) + 47.12*pumpe(643) + 44.14*pumpe(644) + 40.33*pumpe(645) + 37.82*pumpe(646) + 37.49*pumpe(647) + 34.02*pumpe(648) + 33.24*pumpe(649) + 32.57*pumpe(650) + 33.01*pumpe(651) + 32.23*pumpe(652) + 32.86*pumpe(653) + 33.75*pumpe(654) + 32.49*pumpe(655) + 33.88*pumpe(656) + 36.85*pumpe(657) + 38.81*pumpe(658) + 39.72*pumpe(659) + 40.76*pumpe(660) + 40.15*pumpe(661) + 39.25*pumpe(662) + 39.06*pumpe(663) + 39.83*pumpe(664) + 41.15*pumpe(665) + 46.18*pumpe(666) + 46.08*pumpe(667) + 45.74*pumpe(668) + 41.77*pumpe(669) + 39.02*pumpe(670) + 37.03*pumpe(671) + 32.3*pumpe(672) + 24.76*pumpe(673) + 27.83*pumpe(674) + 26.31*pumpe(675) + 28.16*pumpe(676) + 29.68*pumpe(677) + 35.28*pumpe(678) + 43.27*pumpe(679) + 53.9*pumpe(680) + 53.98*pumpe(681) + 53.67*pumpe(682) + 51.91*pumpe(683) + 51.99*pumpe(684) + 51.01*pumpe(685) + 52.95*pumpe(686) + 52.14*pumpe(687) + 53.99*pumpe(688) + 56.13*pumpe(689) + 60.07*pumpe(690) + 55.7*pumpe(691) + 50.65*pumpe(692) + 43.56*pumpe(693) + 40.23*pumpe(694) + 39.61*pumpe(695) + 36.16*pumpe(696) + 32.56*pumpe(697) + 31.51*pumpe(698) + 28.91*pumpe(699) + 28.38*pumpe(700) + 31.39*pumpe(701) + 35.79*pumpe(702) + 42.31*pumpe(703) + 53*pumpe(704) + 54.63*pumpe(705) + 52.5*pumpe(706) + 51.02*pumpe(707) + 50.95*pumpe(708) + 49.16*pumpe(709) + 53.9*pumpe(710) + 57.65*pumpe(711) + 62.74*pumpe(712) + 70.43*pumpe(713) + 80.1*pumpe(714) + 76.09*pumpe(715) + 72.79*pumpe(716) + 58.97*pumpe(717) + 53.1*pumpe(718) + 43.34*pumpe(719) + 39.53*pumpe(720) + 38.77*pumpe(721) + 39.92*pumpe(722) + 39.7*pumpe(723) + 39.73*pumpe(724) + 39.5*pumpe(725) + 40.79*pumpe(726) + 52.54*pumpe(727) + 60.52*pumpe(728) + 68.9*pumpe(729) + 65.93*pumpe(730) + 61.02*pumpe(731) + 60.68*pumpe(732) + 59.12*pumpe(733) + 59.05*pumpe(734) + 59.82*pumpe(735) + 60.69*pumpe(736) + 63.29*pumpe(737) + 71.05*pumpe(738) + 63.5*pumpe(739) + 55.9*pumpe(740) + 53.95*pumpe(741) + 46.96*pumpe(742) + 40.76*pumpe(743) + 38.61*pumpe(744) + 38.62*pumpe(745) + 37.59*pumpe(746) + 37.05*pumpe(747) + 37.67*pumpe(748) + 38.39*pumpe(749) + 39.96*pumpe(750) + 46.72*pumpe(751) + 57.98*pumpe(752) + 58.4*pumpe(753) + 58.93*pumpe(754) + 59.16*pumpe(755) + 59.11*pumpe(756) + 56.28*pumpe(757) + 58.09*pumpe(758) + 57.32*pumpe(759) + 58.13*pumpe(760) + 59.86*pumpe(761) + 63.38*pumpe(762) + 55.58*pumpe(763) + 53.92*pumpe(764) + 51.98*pumpe(765) + 43.77*pumpe(766) + 40.13*pumpe(767) + 37.1*pumpe(768) + 27.01*pumpe(769) =E= 0 ; (LHS = 0)
     

---- e_speicheranfang  =E=  

e_speicheranfang..  speicher(1) =E= 1500 ; (LHS = 0, INFES = 1500 ****)
     

---- e_speicherende  =E=  

e_speicherende..  speicher(769) =E= 1000 ; (LHS = 0, INFES = 1000 ****)
     

---- e_speicher  =E=  

e_speicher(2)..  turbine(2) - 0.75*pumpe(2) - speicher(1) + speicher(2) =E= 10 ; (LHS = 0, INFES = 10 ****)
     
e_speicher(3)..  turbine(3) - 0.75*pumpe(3) - speicher(2) + speicher(3) =E= 10 ; (LHS = 0, INFES = 10 ****)
     
e_speicher(4)..  turbine(4) - 0.75*pumpe(4) - speicher(3) + speicher(4) =E= 10 ; (LHS = 0, INFES = 10 ****)
     
REMAINING 765 ENTRIES SKIPPED


---- e_speichermax  =L=  

e_speichermax(1)..  speicher(1) =L= 2000 ; (LHS = 0)
     
e_speichermax(2)..  speicher(2) =L= 2000 ; (LHS = 0)
     
e_speichermax(3)..  speicher(3) =L= 2000 ; (LHS = 0)
     
REMAINING 766 ENTRIES SKIPPED


---- e_leistung_turbine  =L=  

e_leistung_turbine(1)..  turbine(1) =L= 300 ; (LHS = 0)
     
e_leistung_turbine(2)..  turbine(2) =L= 300 ; (LHS = 0)
     
e_leistung_turbine(3)..  turbine(3) =L= 300 ; (LHS = 0)
     
REMAINING 766 ENTRIES SKIPPED


---- e_leistung_pumpe  =L=  

e_leistung_pumpe(1)..  pumpe(1) =L= 300 ; (LHS = 0)
     
e_leistung_pumpe(2)..  pumpe(2) =L= 300 ; (LHS = 0)
     
e_leistung_pumpe(3)..  pumpe(3) =L= 300 ; (LHS = 0)
     
REMAINING 766 ENTRIES SKIPPED

GAMS 48.3.0  71b5641f Nov 12, 2024          WEX-WEI x86 64bit/MS Windows - 11/21/24 18:41:50 Page 4
G e n e r a l   A l g e b r a i c   M o d e l i n g   S y s t e m
Column Listing      SOLVE Pumpspeicher Using LP From line 809


---- Z  

Z
                (.LO, .L, .UP, .M = -INF, 0, +INF, 0)
        1       e_cost


---- turbine  

turbine(1)
                (.LO, .L, .UP, .M = 0, 0, +INF, 0)
        1       e_leistung_turbine(1)

turbine(2)
                (.LO, .L, .UP, .M = 0, 0, +INF, 0)
      -26.28    e_cost
        1       e_speicher(2)
        1       e_leistung_turbine(2)

turbine(3)
                (.LO, .L, .UP, .M = 0, 0, +INF, 0)
      -25.79    e_cost
        1       e_speicher(3)
        1       e_leistung_turbine(3)

REMAINING 766 ENTRIES SKIPPED

---- pumpe  

pumpe(1)
                (.LO, .L, .UP, .M = 0, 0, +INF, 0)
        1       e_leistung_pumpe(1)

pumpe(2)
                (.LO, .L, .UP, .M = 0, 0, +INF, 0)
       26.28    e_cost
       -0.75    e_speicher(2)
        1       e_leistung_pumpe(2)

pumpe(3)
                (.LO, .L, .UP, .M = 0, 0, +INF, 0)
       25.79    e_cost
       -0.75    e_speicher(3)
        1       e_leistung_pumpe(3)

REMAINING 766 ENTRIES SKIPPED

---- speicher  

speicher(1)
                (.LO, .L, .UP, .M = 0, 0, +INF, 0)
        1       e_speicheranfang
       -1       e_speicher(2)
        1       e_speichermax(1)

speicher(2)
                (.LO, .L, .UP, .M = 0, 0, +INF, 0)
        1       e_speicher(2)
       -1       e_speicher(3)
        1       e_speichermax(2)

speicher(3)
                (.LO, .L, .UP, .M = 0, 0, +INF, 0)
        1       e_speicher(3)
       -1       e_speicher(4)
        1       e_speichermax(3)

REMAINING 766 ENTRIES SKIPPED
GAMS 48.3.0  71b5641f Nov 12, 2024          WEX-WEI x86 64bit/MS Windows - 11/21/24 18:41:50 Page 5
G e n e r a l   A l g e b r a i c   M o d e l i n g   S y s t e m
Range Statistics    SOLVE Pumpspeicher Using LP From line 809


RANGE STATISTICS (ABSOLUTE NON-ZERO FINITE VALUES)

RHS       [min, max] : [ 1.000E+01, 2.000E+03] - Zero values observed as well
Bound     [min, max] : [        NA,        NA] - Zero values observed as well
Matrix    [min, max] : [ 7.500E-01, 8.712E+01]

GAMS 48.3.0  71b5641f Nov 12, 2024          WEX-WEI x86 64bit/MS Windows - 11/21/24 18:41:50 Page 6
G e n e r a l   A l g e b r a i c   M o d e l i n g   S y s t e m
Model Statistics    SOLVE Pumpspeicher Using LP From line 809


MODEL STATISTICS

BLOCKS OF EQUATIONS           7     SINGLE EQUATIONS        3,078
BLOCKS OF VARIABLES           4     SINGLE VARIABLES        2,308
NON ZERO ELEMENTS         6,918



**** The model exceeds the demo license limits for linear models of more than 2000 rows or columns
     As an academic user, you can submit large models to the NEOS service for free (see https://www.gams.com/neos)
     Alternatively, feel free to contact sales@gams.com to discuss your options

GENERATION TIME      =        0.078 SECONDS      5 MB  48.3.0 71b5641f WEX-WEI
**** Terminated due to a licensing error
**** License file: D:\Main\48\gamslice.txt

**** Current license content:
     GAMS Demo, for EULA and demo limitations see   G241001/0001CB-GEN
     https://www.gams.com/latest/docs/UG%5FLicense.html               
     1496474900                                                       
     0801350405                                                       
     DC0000       g 1                               C Eval            
